\BOOKMARK [1][-]{section.1}{1\040NLP-Blog}{}% 1
\BOOKMARK [2][-]{subsection.1.1}{1.1 red词向量}{section.1}% 2
\BOOKMARK [3][-]{subsubsection.1.1.1}{1.1.1\040blueone-hot\040vector}{subsection.1.1}% 3
\BOOKMARK [2][-]{subsection.1.2}{1.2 red构造词向量方法-基于SVD}{section.1}% 4
\BOOKMARK [3][-]{subsubsection.1.2.1}{1.2.1 blue词-文档矩阵}{subsection.1.2}% 5
\BOOKMARK [3][-]{subsubsection.1.2.2}{1.2.2 blue基于窗口的共现矩阵}{subsection.1.2}% 6
\BOOKMARK [3][-]{subsubsection.1.2.3}{1.2.3 blue奇异值分解构造词向量矩阵}{subsection.1.2}% 7
\BOOKMARK [2][-]{subsection.1.3}{1.3 red构造词向量方法-基于迭代的方法}{section.1}% 8
\BOOKMARK [3][-]{subsubsection.1.3.1}{1.3.1 blue语言模型（1-gram， 2-gram\)}{subsection.1.3}% 9
\BOOKMARK [3][-]{subsubsection.1.3.2}{1.3.2 blue连续词袋模型CBOW-语言模型的进步}{subsection.1.3}% 10
\BOOKMARK [3][-]{subsubsection.1.3.3}{1.3.3 blueSkip-Gram模型-与CBOW相对应}{subsection.1.3}% 11
\BOOKMARK [3][-]{subsubsection.1.3.4}{1.3.4 blue负面抽样\(Negative Samplint\)-简化目标函数求值}{subsection.1.3}% 12
\BOOKMARK [1][-]{section.2}{2\040Algorithm}{}% 13
\BOOKMARK [2][-]{subsection.2.1}{2.1 算法}{section.2}% 14
\BOOKMARK [1][-]{section.3}{3\040Machine-Learning}{}% 15
\BOOKMARK [2][-]{subsection.3.1}{3.1 red学习算法}{section.3}% 16
\BOOKMARK [3][-]{subsubsection.3.1.1}{3.1.1 blue监督学习}{subsection.3.1}% 17
\BOOKMARK [3][-]{subsubsection.3.1.2}{3.1.2 blue无监督学习}{subsection.3.1}% 18
\BOOKMARK [2][-]{subsection.3.2}{3.2 red第一个学习算法-单变量线性回归}{section.3}% 19
\BOOKMARK [3][-]{subsubsection.3.2.1}{3.2.1 blue代价函数-用来求解线性回归方程参数}{subsection.3.2}% 20
\BOOKMARK [3][-]{subsubsection.3.2.2}{3.2.2 blue梯度下降-求代价函数最小值}{subsection.3.2}% 21
